<?xml version="1.0" encoding="UTF-8"?>
<!-- Generated by org.testng.reporters.JUnitReportReporter -->
<testsuite skipped="0" hostname="LAPTOP-KFV0PSKR" name="pageFactoryWithoutFindBy.LoginWithoutFindBy" tests="1" failures="0" timestamp="05 May 2020 07:33:32 GMT" time="26.188" errors="0">
  <testcase name="login" time="26.188" classname="pageFactoryWithoutFindBy.LoginWithoutFindBy"/>
</testsuite> <!-- pageFactoryWithoutFindBy.LoginWithoutFindBy -->
