<?xml version="1.0" encoding="UTF-8"?>
<!-- Generated by org.testng.reporters.JUnitReportReporter -->
<testsuite skipped="0" hostname="LAPTOP-KFV0PSKR" name="com.w2a.testcases.LoginTest" tests="1" failures="0" timestamp="04 May 2020 11:29:18 GMT" time="0.293" errors="0">
  <testcase name="bankManagerLogin" time="0.293" classname="com.w2a.testcases.LoginTest"/>
</testsuite> <!-- com.w2a.testcases.LoginTest -->
